<?xml version="1.0" encoding="UTF-8"?>
<!-- Generated by org.testng.reporters.JUnitReportReporter -->
<testsuite skipped="0" hostname="DESKTOP-FA5E7ED" name="runner.TestRunner" tests="4" failures="0" timestamp="30 May 2017 09:38:20 GMT" time="112.223" errors="0">
  <testcase name="feature" time="5.880" classname="runner.TestRunner"/>
  <testcase name="feature" time="87.214" classname="runner.TestRunner"/>
  <testcase name="feature" time="11.576" classname="runner.TestRunner"/>
  <testcase name="feature" time="7.553" classname="runner.TestRunner"/>
</testsuite> <!-- runner.TestRunner -->
